<?xml version="1.0" encoding="UTF-8"?>
<!-- Generated by org.testng.reporters.JUnitReportReporter -->
<testsuite hostname="DESKTOP-0ADHCVC" failures="0" tests="3" name="testSuite1.Page2" time="0.016" errors="0" timestamp="2023-06-28T20:24:01 CDT" skipped="0">
  <testcase classname="testSuite1.Page2" name="test002" time="0.003"/>
  <system-out/>
  <testcase classname="testSuite1.Page2" name="test003" time="0.002"/>
  <system-out/>
  <testcase classname="testSuite1.Page2" name="test001" time="0.011"/>
  <system-out/>
</testsuite> <!-- testSuite1.Page2 -->
