<?xml version="1.0" encoding="UTF-8"?>
<!-- Generated by org.testng.reporters.JUnitReportReporter -->
<testsuite hostname="DESKTOP-0ADHCVC" failures="0" tests="3" name="testSuite1.Module1" time="0.029" errors="0" timestamp="2023-06-28T14:39:08 CDT" skipped="0">
  <testcase classname="testSuite1.Module1" name="test002" time="0.005"/>
  <testcase classname="testSuite1.Module1" name="test001" time="0.020"/>
  <testcase classname="testSuite1.Module1" name="test003" time="0.004"/>
</testsuite> <!-- testSuite1.Module1 -->
