<?xml version="1.0" encoding="UTF-8"?>
<!-- Generated by org.testng.reporters.JUnitReportReporter -->
<testsuite hostname="DESKTOP-0ADHCVC" failures="0" tests="3" name="testSuite1.Module2" time="0.006" errors="0" timestamp="2023-06-21T17:18:38 EDT" skipped="0">
  <testcase classname="testSuite1.Module2" name="test001" time="0.003"/>
  <testcase classname="testSuite1.Module2" name="test002" time="0.001"/>
  <testcase classname="testSuite1.Module2" name="test003" time="0.002"/>
</testsuite> <!-- testSuite1.Module2 -->
