<?xml version="1.0" encoding="UTF-8"?>
<!-- Generated by org.testng.reporters.JUnitReportReporter -->
<testsuite hostname="DESKTOP-0ADHCVC" failures="0" tests="3" name="testSuite1.Page1" time="0.026" errors="0" timestamp="2023-06-28T20:29:41 CDT" skipped="0">
  <testcase classname="testSuite1.Page1" name="test002" time="0.014"/>
  <system-out/>
  <testcase classname="testSuite1.Page1" name="test001" time="0.009"/>
  <system-out/>
  <testcase classname="testSuite1.Page1" name="test003" time="0.003"/>
  <system-out/>
</testsuite> <!-- testSuite1.Page1 -->
