<?xml version="1.0" encoding="UTF-8"?>
<!-- Generated by org.testng.reporters.JUnitReportReporter -->
<testsuite hostname="DESKTOP-0ADHCVC" failures="0" tests="1" name="testcases.LoggerTest" time="0.027" errors="0" timestamp="2023-06-21T17:09:59 EDT" skipped="0">
  <testcase classname="testcases.LoggerTest" name="test1" time="0.027"/>
</testsuite> <!-- testcases.LoggerTest -->
